<?xml version="1.0" encoding="UTF-8"?>
<testsuite xmlns:xsi="http://www.w3.org/2001/XMLSchema-instance" xsi:noNamespaceSchemaLocation="https://maven.apache.org/surefire/maven-surefire-plugin/xsd/surefire-test-report.xsd" version="3.0.2" name="TestSuite" time="66.564" tests="5" errors="0" skipped="0" failures="0">
  <properties>
    <property name="java.specification.version" value="21"/>
    <property name="webdriver.chrome.driver" value="/Users/simeongeorgiev/.cache/selenium/chromedriver/mac64/141.0.7390.78/chromedriver"/>
    <property name="sun.jnu.encoding" value="UTF-8"/>
    <property name="java.class.path" value="/Users/simeongeorgiev/eclipse-workspace/SeleniumFramework1/target/test-classes:/Users/simeongeorgiev/eclipse-workspace/SeleniumFramework1/target/classes:/Users/simeongeorgiev/.m2/repository/org/seleniumhq/selenium/selenium-java/4.35.0/selenium-java-4.35.0.jar:/Users/simeongeorgiev/.m2/repository/org/seleniumhq/selenium/selenium-api/4.35.0/selenium-api-4.35.0.jar:/Users/simeongeorgiev/.m2/repository/org/jspecify/jspecify/1.0.0/jspecify-1.0.0.jar:/Users/simeongeorgiev/.m2/repository/org/seleniumhq/selenium/selenium-chrome-driver/4.35.0/selenium-chrome-driver-4.35.0.jar:/Users/simeongeorgiev/.m2/repository/com/google/auto/service/auto-service-annotations/1.1.1/auto-service-annotations-1.1.1.jar:/Users/simeongeorgiev/.m2/repository/org/seleniumhq/selenium/selenium-chromium-driver/4.35.0/selenium-chromium-driver-4.35.0.jar:/Users/simeongeorgiev/.m2/repository/org/seleniumhq/selenium/selenium-json/4.35.0/selenium-json-4.35.0.jar:/Users/simeongeorgiev/.m2/repository/org/seleniumhq/selenium/selenium-manager/4.35.0/selenium-manager-4.35.0.jar:/Users/simeongeorgiev/.m2/repository/org/seleniumhq/selenium/selenium-devtools-v137/4.35.0/selenium-devtools-v137-4.35.0.jar:/Users/simeongeorgiev/.m2/repository/org/seleniumhq/selenium/selenium-devtools-v138/4.35.0/selenium-devtools-v138-4.35.0.jar:/Users/simeongeorgiev/.m2/repository/org/seleniumhq/selenium/selenium-devtools-v139/4.35.0/selenium-devtools-v139-4.35.0.jar:/Users/simeongeorgiev/.m2/repository/org/seleniumhq/selenium/selenium-edge-driver/4.35.0/selenium-edge-driver-4.35.0.jar:/Users/simeongeorgiev/.m2/repository/org/seleniumhq/selenium/selenium-firefox-driver/4.35.0/selenium-firefox-driver-4.35.0.jar:/Users/simeongeorgiev/.m2/repository/org/seleniumhq/selenium/selenium-http/4.35.0/selenium-http-4.35.0.jar:/Users/simeongeorgiev/.m2/repository/org/seleniumhq/selenium/selenium-ie-driver/4.35.0/selenium-ie-driver-4.35.0.jar:/Users/simeongeorgiev/.m2/repository/org/seleniumhq/selenium/selenium-remote-driver/4.35.0/selenium-remote-driver-4.35.0.jar:/Users/simeongeorgiev/.m2/repository/com/google/guava/guava/33.4.8-jre/guava-33.4.8-jre.jar:/Users/simeongeorgiev/.m2/repository/com/google/guava/failureaccess/1.0.3/failureaccess-1.0.3.jar:/Users/simeongeorgiev/.m2/repository/com/google/guava/listenablefuture/9999.0-empty-to-avoid-conflict-with-guava/listenablefuture-9999.0-empty-to-avoid-conflict-with-guava.jar:/Users/simeongeorgiev/.m2/repository/com/google/errorprone/error_prone_annotations/2.36.0/error_prone_annotations-2.36.0.jar:/Users/simeongeorgiev/.m2/repository/com/google/j2objc/j2objc-annotations/3.0.0/j2objc-annotations-3.0.0.jar:/Users/simeongeorgiev/.m2/repository/io/opentelemetry/opentelemetry-api/1.53.0/opentelemetry-api-1.53.0.jar:/Users/simeongeorgiev/.m2/repository/io/opentelemetry/opentelemetry-context/1.53.0/opentelemetry-context-1.53.0.jar:/Users/simeongeorgiev/.m2/repository/io/opentelemetry/opentelemetry-common/1.53.0/opentelemetry-common-1.53.0.jar:/Users/simeongeorgiev/.m2/repository/io/opentelemetry/opentelemetry-exporter-logging/1.53.0/opentelemetry-exporter-logging-1.53.0.jar:/Users/simeongeorgiev/.m2/repository/io/opentelemetry/opentelemetry-sdk-common/1.53.0/opentelemetry-sdk-common-1.53.0.jar:/Users/simeongeorgiev/.m2/repository/io/opentelemetry/opentelemetry-sdk-extension-autoconfigure-spi/1.53.0/opentelemetry-sdk-extension-autoconfigure-spi-1.53.0.jar:/Users/simeongeorgiev/.m2/repository/io/opentelemetry/opentelemetry-sdk-extension-autoconfigure/1.53.0/opentelemetry-sdk-extension-autoconfigure-1.53.0.jar:/Users/simeongeorgiev/.m2/repository/io/opentelemetry/opentelemetry-sdk-trace/1.53.0/opentelemetry-sdk-trace-1.53.0.jar:/Users/simeongeorgiev/.m2/repository/io/opentelemetry/opentelemetry-sdk/1.53.0/opentelemetry-sdk-1.53.0.jar:/Users/simeongeorgiev/.m2/repository/io/opentelemetry/opentelemetry-sdk-metrics/1.53.0/opentelemetry-sdk-metrics-1.53.0.jar:/Users/simeongeorgiev/.m2/repository/io/opentelemetry/opentelemetry-sdk-logs/1.53.0/opentelemetry-sdk-logs-1.53.0.jar:/Users/simeongeorgiev/.m2/repository/net/bytebuddy/byte-buddy/1.17.6/byte-buddy-1.17.6.jar:/Users/simeongeorgiev/.m2/repository/org/seleniumhq/selenium/selenium-os/4.35.0/selenium-os-4.35.0.jar:/Users/simeongeorgiev/.m2/repository/org/apache/commons/commons-exec/1.5.0/commons-exec-1.5.0.jar:/Users/simeongeorgiev/.m2/repository/org/seleniumhq/selenium/selenium-safari-driver/4.35.0/selenium-safari-driver-4.35.0.jar:/Users/simeongeorgiev/.m2/repository/org/seleniumhq/selenium/selenium-support/4.35.0/selenium-support-4.35.0.jar:/Users/simeongeorgiev/.m2/repository/com/aventstack/extentreports/5.1.2/extentreports-5.1.2.jar:/Users/simeongeorgiev/.m2/repository/io/reactivex/rxjava3/rxjava/3.1.6/rxjava-3.1.6.jar:/Users/simeongeorgiev/.m2/repository/org/reactivestreams/reactive-streams/1.0.4/reactive-streams-1.0.4.jar:/Users/simeongeorgiev/.m2/repository/org/freemarker/freemarker/2.3.32/freemarker-2.3.32.jar:/Users/simeongeorgiev/.m2/repository/org/projectlombok/lombok/1.18.26/lombok-1.18.26.jar:/Users/simeongeorgiev/.m2/repository/com/google/code/gson/gson/2.10.1/gson-2.10.1.jar:/Users/simeongeorgiev/.m2/repository/org/testng/testng/7.11.0/testng-7.11.0.jar:/Users/simeongeorgiev/.m2/repository/org/slf4j/slf4j-api/2.0.16/slf4j-api-2.0.16.jar:/Users/simeongeorgiev/.m2/repository/org/jcommander/jcommander/1.83/jcommander-1.83.jar:/Users/simeongeorgiev/.m2/repository/org/webjars/jquery/3.7.1/jquery-3.7.1.jar:/Users/simeongeorgiev/.m2/repository/io/github/bonigarcia/webdrivermanager/6.3.2/webdrivermanager-6.3.2.jar:/Users/simeongeorgiev/.m2/repository/com/github/docker-java/docker-java/3.6.0/docker-java-3.6.0.jar:/Users/simeongeorgiev/.m2/repository/com/github/docker-java/docker-java-core/3.6.0/docker-java-core-3.6.0.jar:/Users/simeongeorgiev/.m2/repository/com/github/docker-java/docker-java-api/3.6.0/docker-java-api-3.6.0.jar:/Users/simeongeorgiev/.m2/repository/com/fasterxml/jackson/core/jackson-annotations/2.19.2/jackson-annotations-2.19.2.jar:/Users/simeongeorgiev/.m2/repository/com/fasterxml/jackson/core/jackson-databind/2.19.2/jackson-databind-2.19.2.jar:/Users/simeongeorgiev/.m2/repository/com/fasterxml/jackson/core/jackson-core/2.19.2/jackson-core-2.19.2.jar:/Users/simeongeorgiev/.m2/repository/org/slf4j/jcl-over-slf4j/1.7.30/jcl-over-slf4j-1.7.30.jar:/Users/simeongeorgiev/.m2/repository/com/github/docker-java/docker-java-transport-httpclient5/3.6.0/docker-java-transport-httpclient5-3.6.0.jar:/Users/simeongeorgiev/.m2/repository/com/github/docker-java/docker-java-transport/3.6.0/docker-java-transport-3.6.0.jar:/Users/simeongeorgiev/.m2/repository/net/java/dev/jna/jna/5.17.0/jna-5.17.0.jar:/Users/simeongeorgiev/.m2/repository/org/brotli/dec/0.1.2/dec-0.1.2.jar:/Users/simeongeorgiev/.m2/repository/org/apache/commons/commons-lang3/3.18.0/commons-lang3-3.18.0.jar:/Users/simeongeorgiev/.m2/repository/org/apache/commons/commons-compress/1.28.0/commons-compress-1.28.0.jar:/Users/simeongeorgiev/.m2/repository/commons-codec/commons-codec/1.19.0/commons-codec-1.19.0.jar:/Users/simeongeorgiev/.m2/repository/commons-io/commons-io/2.20.0/commons-io-2.20.0.jar:/Users/simeongeorgiev/.m2/repository/org/apache/httpcomponents/client5/httpclient5/5.4.3/httpclient5-5.4.3.jar:/Users/simeongeorgiev/.m2/repository/org/apache/httpcomponents/core5/httpcore5/5.3.4/httpcore5-5.3.4.jar:/Users/simeongeorgiev/.m2/repository/org/apache/httpcomponents/core5/httpcore5-h2/5.3.4/httpcore5-h2-5.3.4.jar:/Users/simeongeorgiev/.m2/repository/io/cucumber/cucumber-java/7.30.0/cucumber-java-7.30.0.jar:/Users/simeongeorgiev/.m2/repository/io/cucumber/cucumber-core/7.30.0/cucumber-core-7.30.0.jar:/Users/simeongeorgiev/.m2/repository/io/cucumber/cucumber-gherkin/7.30.0/cucumber-gherkin-7.30.0.jar:/Users/simeongeorgiev/.m2/repository/io/cucumber/cucumber-gherkin-messages/7.30.0/cucumber-gherkin-messages-7.30.0.jar:/Users/simeongeorgiev/.m2/repository/io/cucumber/gherkin/35.1.0/gherkin-35.1.0.jar:/Users/simeongeorgiev/.m2/repository/org/assertj/assertj-core/3.27.5/assertj-core-3.27.5.jar:/Users/simeongeorgiev/.m2/repository/io/cucumber/messages/29.0.1/messages-29.0.1.jar:/Users/simeongeorgiev/.m2/repository/io/cucumber/pretty-formatter/2.3.0/pretty-formatter-2.3.0.jar:/Users/simeongeorgiev/.m2/repository/io/cucumber/query/14.5.0/query-14.5.0.jar:/Users/simeongeorgiev/.m2/repository/io/cucumber/teamcity-formatter/0.1.1/teamcity-formatter-0.1.1.jar:/Users/simeongeorgiev/.m2/repository/io/cucumber/testng-xml-formatter/0.6.0/testng-xml-formatter-0.6.0.jar:/Users/simeongeorgiev/.m2/repository/io/cucumber/tag-expressions/6.1.2/tag-expressions-6.1.2.jar:/Users/simeongeorgiev/.m2/repository/io/cucumber/cucumber-expressions/18.0.1/cucumber-expressions-18.0.1.jar:/Users/simeongeorgiev/.m2/repository/io/cucumber/cucumber-json-formatter/0.2.1/cucumber-json-formatter-0.2.1.jar:/Users/simeongeorgiev/.m2/repository/io/cucumber/datatable/7.30.0/datatable-7.30.0.jar:/Users/simeongeorgiev/.m2/repository/io/cucumber/cucumber-plugin/7.30.0/cucumber-plugin-7.30.0.jar:/Users/simeongeorgiev/.m2/repository/io/cucumber/docstring/7.30.0/docstring-7.30.0.jar:/Users/simeongeorgiev/.m2/repository/io/cucumber/html-formatter/21.15.1/html-formatter-21.15.1.jar:/Users/simeongeorgiev/.m2/repository/io/cucumber/junit-xml-formatter/0.9.0/junit-xml-formatter-0.9.0.jar:/Users/simeongeorgiev/.m2/repository/io/cucumber/ci-environment/10.0.1/ci-environment-10.0.1.jar:/Users/simeongeorgiev/.m2/repository/org/apiguardian/apiguardian-api/1.1.2/apiguardian-api-1.1.2.jar:/Users/simeongeorgiev/.m2/repository/io/cucumber/cucumber-testng/7.30.0/cucumber-testng-7.30.0.jar:"/>
    <property name="java.vm.vendor" value="Oracle Corporation"/>
    <property name="sun.arch.data.model" value="64"/>
    <property name="java.vendor.url" value="https://java.oracle.com/"/>
    <property name="user.timezone" value="Europe/Sofia"/>
    <property name="os.name" value="Mac OS X"/>
    <property name="java.vm.specification.version" value="21"/>
    <property name="sun.java.launcher" value="SUN_STANDARD"/>
    <property name="user.country" value="BG"/>
    <property name="sun.boot.library.path" value="/Library/Java/JavaVirtualMachines/jdk-21.jdk/Contents/Home/lib"/>
    <property name="sun.java.command" value="/Users/simeongeorgiev/eclipse-workspace/SeleniumFramework1/target/surefire/surefirebooter-20251019003310055_3.jar /Users/simeongeorgiev/eclipse-workspace/SeleniumFramework1/target/surefire 2025-10-19T00-33-09_913-jvmRun1 surefire-20251019003310055_1tmp surefire_0-20251019003310055_2tmp"/>
    <property name="http.nonProxyHosts" value="local|*.local|169.254/16|*.169.254/16"/>
    <property name="jdk.debug" value="release"/>
    <property name="surefire.test.class.path" value="/Users/simeongeorgiev/eclipse-workspace/SeleniumFramework1/target/test-classes:/Users/simeongeorgiev/eclipse-workspace/SeleniumFramework1/target/classes:/Users/simeongeorgiev/.m2/repository/org/seleniumhq/selenium/selenium-java/4.35.0/selenium-java-4.35.0.jar:/Users/simeongeorgiev/.m2/repository/org/seleniumhq/selenium/selenium-api/4.35.0/selenium-api-4.35.0.jar:/Users/simeongeorgiev/.m2/repository/org/jspecify/jspecify/1.0.0/jspecify-1.0.0.jar:/Users/simeongeorgiev/.m2/repository/org/seleniumhq/selenium/selenium-chrome-driver/4.35.0/selenium-chrome-driver-4.35.0.jar:/Users/simeongeorgiev/.m2/repository/com/google/auto/service/auto-service-annotations/1.1.1/auto-service-annotations-1.1.1.jar:/Users/simeongeorgiev/.m2/repository/org/seleniumhq/selenium/selenium-chromium-driver/4.35.0/selenium-chromium-driver-4.35.0.jar:/Users/simeongeorgiev/.m2/repository/org/seleniumhq/selenium/selenium-json/4.35.0/selenium-json-4.35.0.jar:/Users/simeongeorgiev/.m2/repository/org/seleniumhq/selenium/selenium-manager/4.35.0/selenium-manager-4.35.0.jar:/Users/simeongeorgiev/.m2/repository/org/seleniumhq/selenium/selenium-devtools-v137/4.35.0/selenium-devtools-v137-4.35.0.jar:/Users/simeongeorgiev/.m2/repository/org/seleniumhq/selenium/selenium-devtools-v138/4.35.0/selenium-devtools-v138-4.35.0.jar:/Users/simeongeorgiev/.m2/repository/org/seleniumhq/selenium/selenium-devtools-v139/4.35.0/selenium-devtools-v139-4.35.0.jar:/Users/simeongeorgiev/.m2/repository/org/seleniumhq/selenium/selenium-edge-driver/4.35.0/selenium-edge-driver-4.35.0.jar:/Users/simeongeorgiev/.m2/repository/org/seleniumhq/selenium/selenium-firefox-driver/4.35.0/selenium-firefox-driver-4.35.0.jar:/Users/simeongeorgiev/.m2/repository/org/seleniumhq/selenium/selenium-http/4.35.0/selenium-http-4.35.0.jar:/Users/simeongeorgiev/.m2/repository/org/seleniumhq/selenium/selenium-ie-driver/4.35.0/selenium-ie-driver-4.35.0.jar:/Users/simeongeorgiev/.m2/repository/org/seleniumhq/selenium/selenium-remote-driver/4.35.0/selenium-remote-driver-4.35.0.jar:/Users/simeongeorgiev/.m2/repository/com/google/guava/guava/33.4.8-jre/guava-33.4.8-jre.jar:/Users/simeongeorgiev/.m2/repository/com/google/guava/failureaccess/1.0.3/failureaccess-1.0.3.jar:/Users/simeongeorgiev/.m2/repository/com/google/guava/listenablefuture/9999.0-empty-to-avoid-conflict-with-guava/listenablefuture-9999.0-empty-to-avoid-conflict-with-guava.jar:/Users/simeongeorgiev/.m2/repository/com/google/errorprone/error_prone_annotations/2.36.0/error_prone_annotations-2.36.0.jar:/Users/simeongeorgiev/.m2/repository/com/google/j2objc/j2objc-annotations/3.0.0/j2objc-annotations-3.0.0.jar:/Users/simeongeorgiev/.m2/repository/io/opentelemetry/opentelemetry-api/1.53.0/opentelemetry-api-1.53.0.jar:/Users/simeongeorgiev/.m2/repository/io/opentelemetry/opentelemetry-context/1.53.0/opentelemetry-context-1.53.0.jar:/Users/simeongeorgiev/.m2/repository/io/opentelemetry/opentelemetry-common/1.53.0/opentelemetry-common-1.53.0.jar:/Users/simeongeorgiev/.m2/repository/io/opentelemetry/opentelemetry-exporter-logging/1.53.0/opentelemetry-exporter-logging-1.53.0.jar:/Users/simeongeorgiev/.m2/repository/io/opentelemetry/opentelemetry-sdk-common/1.53.0/opentelemetry-sdk-common-1.53.0.jar:/Users/simeongeorgiev/.m2/repository/io/opentelemetry/opentelemetry-sdk-extension-autoconfigure-spi/1.53.0/opentelemetry-sdk-extension-autoconfigure-spi-1.53.0.jar:/Users/simeongeorgiev/.m2/repository/io/opentelemetry/opentelemetry-sdk-extension-autoconfigure/1.53.0/opentelemetry-sdk-extension-autoconfigure-1.53.0.jar:/Users/simeongeorgiev/.m2/repository/io/opentelemetry/opentelemetry-sdk-trace/1.53.0/opentelemetry-sdk-trace-1.53.0.jar:/Users/simeongeorgiev/.m2/repository/io/opentelemetry/opentelemetry-sdk/1.53.0/opentelemetry-sdk-1.53.0.jar:/Users/simeongeorgiev/.m2/repository/io/opentelemetry/opentelemetry-sdk-metrics/1.53.0/opentelemetry-sdk-metrics-1.53.0.jar:/Users/simeongeorgiev/.m2/repository/io/opentelemetry/opentelemetry-sdk-logs/1.53.0/opentelemetry-sdk-logs-1.53.0.jar:/Users/simeongeorgiev/.m2/repository/net/bytebuddy/byte-buddy/1.17.6/byte-buddy-1.17.6.jar:/Users/simeongeorgiev/.m2/repository/org/seleniumhq/selenium/selenium-os/4.35.0/selenium-os-4.35.0.jar:/Users/simeongeorgiev/.m2/repository/org/apache/commons/commons-exec/1.5.0/commons-exec-1.5.0.jar:/Users/simeongeorgiev/.m2/repository/org/seleniumhq/selenium/selenium-safari-driver/4.35.0/selenium-safari-driver-4.35.0.jar:/Users/simeongeorgiev/.m2/repository/org/seleniumhq/selenium/selenium-support/4.35.0/selenium-support-4.35.0.jar:/Users/simeongeorgiev/.m2/repository/com/aventstack/extentreports/5.1.2/extentreports-5.1.2.jar:/Users/simeongeorgiev/.m2/repository/io/reactivex/rxjava3/rxjava/3.1.6/rxjava-3.1.6.jar:/Users/simeongeorgiev/.m2/repository/org/reactivestreams/reactive-streams/1.0.4/reactive-streams-1.0.4.jar:/Users/simeongeorgiev/.m2/repository/org/freemarker/freemarker/2.3.32/freemarker-2.3.32.jar:/Users/simeongeorgiev/.m2/repository/org/projectlombok/lombok/1.18.26/lombok-1.18.26.jar:/Users/simeongeorgiev/.m2/repository/com/google/code/gson/gson/2.10.1/gson-2.10.1.jar:/Users/simeongeorgiev/.m2/repository/org/testng/testng/7.11.0/testng-7.11.0.jar:/Users/simeongeorgiev/.m2/repository/org/slf4j/slf4j-api/2.0.16/slf4j-api-2.0.16.jar:/Users/simeongeorgiev/.m2/repository/org/jcommander/jcommander/1.83/jcommander-1.83.jar:/Users/simeongeorgiev/.m2/repository/org/webjars/jquery/3.7.1/jquery-3.7.1.jar:/Users/simeongeorgiev/.m2/repository/io/github/bonigarcia/webdrivermanager/6.3.2/webdrivermanager-6.3.2.jar:/Users/simeongeorgiev/.m2/repository/com/github/docker-java/docker-java/3.6.0/docker-java-3.6.0.jar:/Users/simeongeorgiev/.m2/repository/com/github/docker-java/docker-java-core/3.6.0/docker-java-core-3.6.0.jar:/Users/simeongeorgiev/.m2/repository/com/github/docker-java/docker-java-api/3.6.0/docker-java-api-3.6.0.jar:/Users/simeongeorgiev/.m2/repository/com/fasterxml/jackson/core/jackson-annotations/2.19.2/jackson-annotations-2.19.2.jar:/Users/simeongeorgiev/.m2/repository/com/fasterxml/jackson/core/jackson-databind/2.19.2/jackson-databind-2.19.2.jar:/Users/simeongeorgiev/.m2/repository/com/fasterxml/jackson/core/jackson-core/2.19.2/jackson-core-2.19.2.jar:/Users/simeongeorgiev/.m2/repository/org/slf4j/jcl-over-slf4j/1.7.30/jcl-over-slf4j-1.7.30.jar:/Users/simeongeorgiev/.m2/repository/com/github/docker-java/docker-java-transport-httpclient5/3.6.0/docker-java-transport-httpclient5-3.6.0.jar:/Users/simeongeorgiev/.m2/repository/com/github/docker-java/docker-java-transport/3.6.0/docker-java-transport-3.6.0.jar:/Users/simeongeorgiev/.m2/repository/net/java/dev/jna/jna/5.17.0/jna-5.17.0.jar:/Users/simeongeorgiev/.m2/repository/org/brotli/dec/0.1.2/dec-0.1.2.jar:/Users/simeongeorgiev/.m2/repository/org/apache/commons/commons-lang3/3.18.0/commons-lang3-3.18.0.jar:/Users/simeongeorgiev/.m2/repository/org/apache/commons/commons-compress/1.28.0/commons-compress-1.28.0.jar:/Users/simeongeorgiev/.m2/repository/commons-codec/commons-codec/1.19.0/commons-codec-1.19.0.jar:/Users/simeongeorgiev/.m2/repository/commons-io/commons-io/2.20.0/commons-io-2.20.0.jar:/Users/simeongeorgiev/.m2/repository/org/apache/httpcomponents/client5/httpclient5/5.4.3/httpclient5-5.4.3.jar:/Users/simeongeorgiev/.m2/repository/org/apache/httpcomponents/core5/httpcore5/5.3.4/httpcore5-5.3.4.jar:/Users/simeongeorgiev/.m2/repository/org/apache/httpcomponents/core5/httpcore5-h2/5.3.4/httpcore5-h2-5.3.4.jar:/Users/simeongeorgiev/.m2/repository/io/cucumber/cucumber-java/7.30.0/cucumber-java-7.30.0.jar:/Users/simeongeorgiev/.m2/repository/io/cucumber/cucumber-core/7.30.0/cucumber-core-7.30.0.jar:/Users/simeongeorgiev/.m2/repository/io/cucumber/cucumber-gherkin/7.30.0/cucumber-gherkin-7.30.0.jar:/Users/simeongeorgiev/.m2/repository/io/cucumber/cucumber-gherkin-messages/7.30.0/cucumber-gherkin-messages-7.30.0.jar:/Users/simeongeorgiev/.m2/repository/io/cucumber/gherkin/35.1.0/gherkin-35.1.0.jar:/Users/simeongeorgiev/.m2/repository/org/assertj/assertj-core/3.27.5/assertj-core-3.27.5.jar:/Users/simeongeorgiev/.m2/repository/io/cucumber/messages/29.0.1/messages-29.0.1.jar:/Users/simeongeorgiev/.m2/repository/io/cucumber/pretty-formatter/2.3.0/pretty-formatter-2.3.0.jar:/Users/simeongeorgiev/.m2/repository/io/cucumber/query/14.5.0/query-14.5.0.jar:/Users/simeongeorgiev/.m2/repository/io/cucumber/teamcity-formatter/0.1.1/teamcity-formatter-0.1.1.jar:/Users/simeongeorgiev/.m2/repository/io/cucumber/testng-xml-formatter/0.6.0/testng-xml-formatter-0.6.0.jar:/Users/simeongeorgiev/.m2/repository/io/cucumber/tag-expressions/6.1.2/tag-expressions-6.1.2.jar:/Users/simeongeorgiev/.m2/repository/io/cucumber/cucumber-expressions/18.0.1/cucumber-expressions-18.0.1.jar:/Users/simeongeorgiev/.m2/repository/io/cucumber/cucumber-json-formatter/0.2.1/cucumber-json-formatter-0.2.1.jar:/Users/simeongeorgiev/.m2/repository/io/cucumber/datatable/7.30.0/datatable-7.30.0.jar:/Users/simeongeorgiev/.m2/repository/io/cucumber/cucumber-plugin/7.30.0/cucumber-plugin-7.30.0.jar:/Users/simeongeorgiev/.m2/repository/io/cucumber/docstring/7.30.0/docstring-7.30.0.jar:/Users/simeongeorgiev/.m2/repository/io/cucumber/html-formatter/21.15.1/html-formatter-21.15.1.jar:/Users/simeongeorgiev/.m2/repository/io/cucumber/junit-xml-formatter/0.9.0/junit-xml-formatter-0.9.0.jar:/Users/simeongeorgiev/.m2/repository/io/cucumber/ci-environment/10.0.1/ci-environment-10.0.1.jar:/Users/simeongeorgiev/.m2/repository/org/apiguardian/apiguardian-api/1.1.2/apiguardian-api-1.1.2.jar:/Users/simeongeorgiev/.m2/repository/io/cucumber/cucumber-testng/7.30.0/cucumber-testng-7.30.0.jar:"/>
    <property name="sun.cpu.endian" value="little"/>
    <property name="user.home" value="/Users/simeongeorgiev"/>
    <property name="user.language" value="en"/>
    <property name="java.specification.vendor" value="Oracle Corporation"/>
    <property name="java.version.date" value="2024-01-16"/>
    <property name="java.home" value="/Library/Java/JavaVirtualMachines/jdk-21.jdk/Contents/Home"/>
    <property name="file.separator" value="/"/>
    <property name="basedir" value="/Users/simeongeorgiev/eclipse-workspace/SeleniumFramework1"/>
    <property name="java.vm.compressedOopsMode" value="Zero based"/>
    <property name="line.separator" value="&#10;"/>
    <property name="java.vm.specification.vendor" value="Oracle Corporation"/>
    <property name="java.specification.name" value="Java Platform API Specification"/>
    <property name="apple.awt.application.name" value="ForkedBooter"/>
    <property name="surefire.real.class.path" value="/Users/simeongeorgiev/eclipse-workspace/SeleniumFramework1/target/surefire/surefirebooter-20251019003310055_3.jar"/>
    <property name="sun.management.compiler" value="HotSpot 64-Bit Tiered Compilers"/>
    <property name="ftp.nonProxyHosts" value="local|*.local|169.254/16|*.169.254/16"/>
    <property name="java.runtime.version" value="21.0.2+13-LTS-58"/>
    <property name="user.name" value="simeongeorgiev"/>
    <property name="stdout.encoding" value="UTF-8"/>
    <property name="path.separator" value=":"/>
    <property name="os.version" value="12.7.6"/>
    <property name="java.runtime.name" value="Java(TM) SE Runtime Environment"/>
    <property name="file.encoding" value="UTF-8"/>
    <property name="java.vm.name" value="Java HotSpot(TM) 64-Bit Server VM"/>
    <property name="localRepository" value="/Users/simeongeorgiev/.m2/repository"/>
    <property name="java.vendor.url.bug" value="https://bugreport.java.com/bugreport/"/>
    <property name="java.io.tmpdir" value="/var/folders/kq/s17t08d905qdmqn3fwcv3n280000gn/T/"/>
    <property name="java.version" value="21.0.2"/>
    <property name="user.dir" value="/Users/simeongeorgiev/eclipse-workspace/SeleniumFramework1"/>
    <property name="os.arch" value="x86_64"/>
    <property name="java.vm.specification.name" value="Java Virtual Machine Specification"/>
    <property name="native.encoding" value="UTF-8"/>
    <property name="java.library.path" value="/Users/simeongeorgiev/Library/Java/Extensions:/Library/Java/Extensions:/Network/Library/Java/Extensions:/System/Library/Java/Extensions:/usr/lib/java:."/>
    <property name="java.vm.info" value="mixed mode, sharing"/>
    <property name="stderr.encoding" value="UTF-8"/>
    <property name="java.vendor" value="Oracle Corporation"/>
    <property name="java.vm.version" value="21.0.2+13-LTS-58"/>
    <property name="sun.io.unicode.encoding" value="UnicodeBig"/>
    <property name="socksNonProxyHosts" value="local|*.local|169.254/16|*.169.254/16"/>
    <property name="java.class.version" value="65.0"/>
  </properties>
  <testcase name="loginErrorValidation" classname="SimeonTestingLearning.SeleniumFramework1.ErrorValidationsTest" time="1.331">
    <system-err><![CDATA[SLF4J(W): No SLF4J providers were found.
SLF4J(W): Defaulting to no-operation (NOP) logger implementation
SLF4J(W): See https://www.slf4j.org/codes.html#noProviders for further details.
Oct 19, 2025 12:33:14 AM org.openqa.selenium.devtools.CdpVersionFinder findNearestMatch
WARNING: Unable to find an exact match for CDP version 141, returning the closest version; found: 139; Please update to a Selenium version that supports CDP version 141
Oct 19, 2025 12:33:14 AM org.openqa.selenium.devtools.CdpVersionFinder findNearestMatch
WARNING: Unable to find an exact match for CDP version 141, returning the closest version; found: 139; Please update to a Selenium version that supports CDP version 141
]]></system-err>
  </testcase>
  <testcase name="productErrorValidation" classname="SimeonTestingLearning.SeleniumFramework1.ErrorValidationsTest" time="0.248">
    <system-err><![CDATA[Oct 19, 2025 12:33:44 AM org.openqa.selenium.devtools.CdpVersionFinder findNearestMatch
WARNING: Unable to find an exact match for CDP version 141, returning the closest version; found: 139; Please update to a Selenium version that supports CDP version 141
]]></system-err>
  </testcase>
  <testcase name="submitOrder[{password=customPass!1, product=ADIDAS ORIGINAL, email=email@emails.com}](1)" classname="SimeonTestingLearning.SeleniumFramework1.SubmitOrderTest" time="20.128">
    <system-err><![CDATA[Oct 19, 2025 12:33:20 AM org.openqa.selenium.devtools.CdpVersionFinder findNearestMatch
WARNING: Unable to find an exact match for CDP version 141, returning the closest version; found: 139; Please update to a Selenium version that supports CDP version 141
]]></system-err>
  </testcase>
  <testcase name="submitOrder[{password=customPass@2, product=ZARA COAT 3, email=simeon@tester.com}](2)" classname="SimeonTestingLearning.SeleniumFramework1.SubmitOrderTest" time="25.072"/>
  <testcase name="OrderHistoryTest" classname="SimeonTestingLearning.SeleniumFramework1.SubmitOrderTest" time="1.399">
    <system-err><![CDATA[Oct 19, 2025 12:34:13 AM org.openqa.selenium.devtools.CdpVersionFinder findNearestMatch
WARNING: Unable to find an exact match for CDP version 141, returning the closest version; found: 139; Please update to a Selenium version that supports CDP version 141
]]></system-err>
  </testcase>
</testsuite>