<?xml version="1.0" encoding="UTF-8"?>
<!-- Generated by org.testng.reporters.JUnitReportReporter -->
<testsuite hostname="Simeons-MacBook-Pro.local" failures="0" tests="1" name="SimeonTestingLearning.SeleniumFramework1.ErrorValidations" time="12.691" errors="0" timestamp="2025-10-06T21:56:04 EEST" skipped="0">
  <testcase classname="SimeonTestingLearning.SeleniumFramework1.ErrorValidations" name="submitOrder" time="12.691"/>
</testsuite> <!-- SimeonTestingLearning.SeleniumFramework1.ErrorValidations -->
