<?xml version="1.0" encoding="UTF-8"?>
<!-- Generated by org.testng.reporters.JUnitReportReporter -->
<testsuite hostname="Simeons-MacBook-Pro.local" failures="0" tests="1" name="SimeonTestingLearning.cucumber.TestNGTestRunner" time="29.678" errors="0" timestamp="2025-10-18T23:55:43 EEST" skipped="0">
  <testcase classname="SimeonTestingLearning.cucumber.TestNGTestRunner" name="runScenario" time="29.678"/>
</testsuite> <!-- SimeonTestingLearning.cucumber.TestNGTestRunner -->
