<?xml version="1.0" encoding="UTF-8"?>
<!-- Generated by org.testng.reporters.JUnitReportReporter -->
<testsuite hostname="Simeons-MacBook-Pro.local" failures="0" tests="3" name="SimeonTestingLearning.SeleniumFramework1.SubmitOrderTest" time="46.931" errors="0" timestamp="2025-10-11T23:42:14 EEST" skipped="0">
  <testcase classname="SimeonTestingLearning.SeleniumFramework1.SubmitOrderTest" name="OrderHistoryTest" time="5.242"/>
  <testcase classname="SimeonTestingLearning.SeleniumFramework1.SubmitOrderTest" name="submitOrder" time="19.510"/>
  <testcase classname="SimeonTestingLearning.SeleniumFramework1.SubmitOrderTest" name="submitOrder" time="22.179"/>
</testsuite> <!-- SimeonTestingLearning.SeleniumFramework1.SubmitOrderTest -->
