<?xml version="1.0" encoding="UTF-8"?>
<!-- Generated by org.testng.reporters.JUnitReportReporter -->
<testsuite hostname="Simeons-MacBook-Pro.local" failures="0" tests="1" name="cucumber.TestNGTestRunner" time="29.651" errors="0" timestamp="2025-10-19T00:38:58 EEST" skipped="0">
  <testcase classname="cucumber.TestNGTestRunner" name="runScenario" time="29.651"/>
</testsuite> <!-- cucumber.TestNGTestRunner -->
