<?xml version="1.0" encoding="UTF-8"?>
<!-- Generated by org.testng.reporters.JUnitReportReporter -->
<testsuite hostname="Simeons-MacBook-Pro.local" failures="0" tests="3" name="SimeonTestingLearning.SeleniumFramework1.SubmitOrderTest" time="65.417" errors="0" timestamp="2025-10-19T00:34:16 EEST" skipped="0">
  <testcase classname="SimeonTestingLearning.SeleniumFramework1.SubmitOrderTest" name="submitOrder" time="28.703"/>
  <testcase classname="SimeonTestingLearning.SeleniumFramework1.SubmitOrderTest" name="OrderHistoryTest" time="7.295"/>
  <testcase classname="SimeonTestingLearning.SeleniumFramework1.SubmitOrderTest" name="submitOrder" time="29.419"/>
</testsuite> <!-- SimeonTestingLearning.SeleniumFramework1.SubmitOrderTest -->
