<?xml version="1.0" encoding="UTF-8"?>
<!-- Generated by org.testng.reporters.JUnitReportReporter -->
<testsuite hostname="Simeons-MacBook-Pro.local" failures="0" tests="2" name="SimeonTestingLearning.SeleniumFramework1.ErrorValidationsTest" time="35.940" errors="0" timestamp="2025-10-19T00:34:16 EEST" skipped="0">
  <testcase classname="SimeonTestingLearning.SeleniumFramework1.ErrorValidationsTest" name="loginErrorValidation" time="7.543"/>
  <testcase classname="SimeonTestingLearning.SeleniumFramework1.ErrorValidationsTest" name="productErrorValidation" time="28.397"/>
</testsuite> <!-- SimeonTestingLearning.SeleniumFramework1.ErrorValidationsTest -->
